#
# A fatal error has been detected by the Java Runtime Environment:
#
#  EXCEPTION_ACCESS_VIOLATION (0xc0000005) at pc=0x0000001004b0a680, pid=1048, tid=0x00000000000002c8
#
# JRE version: Java(TM) SE Runtime Environment (8.0_161-b12) (build 1.8.0_161-b12)
# Java VM: Java HotSpot(TM) 64-Bit Server VM (25.161-b12 mixed mode windows-amd64 compressed oops)
# Problematic frame:
# C  0x0000001004b0a680
#
# Failed to write core dump. Minidumps are not enabled by default on client versions of Windows
#
# If you would like to submit a bug report, please visit:
#   http://bugreport.java.com/bugreport/crash.jsp
#

---------------  T H R E A D  ---------------

Current thread (0x000000001a600000):  JavaThread "TimerQueue" daemon [_thread_in_Java, id=712, stack(0x000000001dd20000,0x000000001de20000)]

siginfo: ExceptionCode=0xc0000005, ExceptionInformation=0x0000000000000008 0x0000001004b0a680

Registers:
RAX=0x00000000168ed318, RBX=0x00000000168ed318, RCX=0x00000000eb8dd318, RDX=0x00000000eb8dd318
RSP=0x000000001de1ee18, RBP=0x000000001de1ee80, RSI=0x00000000eb94a474, RDI=0x0000000000000418
R8 =0x00000000eb94a468, R9 =0x0000000000000000, R10=0x0000000071591240, R11=0x0000001004b0a680
R12=0x0000000000000000, R13=0x000000001de1ee30, R14=0x000000001de1ee98, R15=0x000000001a600000
RIP=0x0000001004b0a680, EFLAGS=0x0000000000010202

Top of Stack: (sp=0x000000001de1ee18)
0x000000001de1ee18:   00000000044380e0 0000000004437b30
0x000000001de1ee28:   00000000044380e0 00000000eb94a468
0x000000001de1ee38:   00000000eb8dd318 000000001de1ee40
0x000000001de1ee48:   00000000168ef664 000000001de1ee98
0x000000001de1ee58:   00000000168f01e8 000000001db57c58
0x000000001de1ee68:   00000000168ef688 000000001de1ee30
0x000000001de1ee78:   000000001de1ee90 000000001de1eee0
0x000000001de1ee88:   0000000004437b30 00000000eb94a468
0x000000001de1ee98:   00000000eb8dd318 000000001de1eea0
0x000000001de1eea8:   00000000168f2dbd 000000001de1ef28
0x000000001de1eeb8:   00000000168f3488 0000000000000000
0x000000001de1eec8:   00000000168f2e40 000000001de1ee90
0x000000001de1eed8:   000000001de1ef18 000000001de1ef70
0x000000001de1eee8:   0000000004437eb5 0000000000000000
0x000000001de1eef8:   0000e57a9a1084aa 0000000000000000
0x000000001de1ef08:   0000000000000001 00000000eb94a468 

Instructions: (pc=0x0000001004b0a680)
0x0000001004b0a660:   
[error occurred during error reporting (printing registers, top of stack, instructions near pc), id 0xc0000005]

Register to memory mapping:

RAX={method} {0x00000000168ed320} 'enq' '(Ljava/util/concurrent/locks/AbstractQueuedSynchronizer$Node;)Ljava/util/concurrent/locks/AbstractQueuedSynchronizer$Node;' in 'java/util/concurrent/locks/AbstractQueuedSynchronizer'
RBX={method} {0x00000000168ed320} 'enq' '(Ljava/util/concurrent/locks/AbstractQueuedSynchronizer$Node;)Ljava/util/concurrent/locks/AbstractQueuedSynchronizer$Node;' in 'java/util/concurrent/locks/AbstractQueuedSynchronizer'
RCX=0x00000000eb8dd318 is an oop
java.util.concurrent.locks.ReentrantLock$NonfairSync 
 - klass: 'java/util/concurrent/locks/ReentrantLock$NonfairSync'
RDX=0x00000000eb8dd318 is an oop
java.util.concurrent.locks.ReentrantLock$NonfairSync 
 - klass: 'java/util/concurrent/locks/ReentrantLock$NonfairSync'
RSP=0x000000001de1ee18 is pointing into the stack for thread: 0x000000001a600000
RBP=0x000000001de1ee80 is pointing into the stack for thread: 0x000000001a600000
RSI=0x00000000eb94a474 is an unknown value
RDI=0x0000000000000418 is an unknown value
R8 =0x00000000eb94a468 is an oop
java.util.concurrent.locks.AbstractQueuedSynchronizer$Node 
 - klass: 'java/util/concurrent/locks/AbstractQueuedSynchronizer$Node'
R9 =0x0000000000000000 is an unknown value
R10=0x0000000071591240 is an unknown value
R11=0x0000001004b0a680 is an unknown value
R12=0x0000000000000000 is an unknown value
R13=0x000000001de1ee30 is pointing into the stack for thread: 0x000000001a600000
R14=0x000000001de1ee98 is pointing into the stack for thread: 0x000000001a600000
R15=0x000000001a600000 is a thread


Stack: [0x000000001dd20000,0x000000001de20000],  sp=0x000000001de1ee18,  free space=1019k
Native frames: (J=compiled Java code, j=interpreted, Vv=VM code, C=native code)
C  0x0000001004b0a680


---------------  P R O C E S S  ---------------

Java Threads: ( => current thread )
=>0x000000001a600000 JavaThread "TimerQueue" daemon [_thread_in_Java, id=712, stack(0x000000001dd20000,0x000000001de20000)]
  0x000000000432e000 JavaThread "DestroyJavaVM" [_thread_blocked, id=1504, stack(0x0000000004200000,0x0000000004300000)]
  0x000000001a0b3800 JavaThread "AWT-EventQueue-0" [_thread_blocked, id=2152, stack(0x000000001aff0000,0x000000001b0f0000)]
  0x000000001a054800 JavaThread "AWT-Windows" daemon [_thread_in_native, id=6352, stack(0x000000001a8e0000,0x000000001a9e0000)]
  0x000000001a052000 JavaThread "AWT-Shutdown" [_thread_blocked, id=5848, stack(0x000000001a7e0000,0x000000001a8e0000)]
  0x000000001a051800 JavaThread "Java2D Disposer" daemon [_thread_blocked, id=4020, stack(0x000000001a6e0000,0x000000001a7e0000)]
  0x0000000018df4800 JavaThread "Service Thread" daemon [_thread_blocked, id=2592, stack(0x0000000019910000,0x0000000019a10000)]
  0x0000000018d5a000 JavaThread "C1 CompilerThread3" daemon [_thread_blocked, id=944, stack(0x0000000019810000,0x0000000019910000)]
  0x0000000018d52800 JavaThread "C2 CompilerThread2" daemon [_thread_blocked, id=5072, stack(0x0000000019710000,0x0000000019810000)]
  0x0000000018d50800 JavaThread "C2 CompilerThread1" daemon [_thread_blocked, id=10144, stack(0x0000000019610000,0x0000000019710000)]
  0x0000000018d49000 JavaThread "C2 CompilerThread0" daemon [_thread_blocked, id=4560, stack(0x0000000019510000,0x0000000019610000)]
  0x0000000018d48000 JavaThread "Attach Listener" daemon [_thread_blocked, id=7436, stack(0x0000000019410000,0x0000000019510000)]
  0x0000000018d47000 JavaThread "Signal Dispatcher" daemon [_thread_blocked, id=2912, stack(0x0000000019310000,0x0000000019410000)]
  0x0000000018d40800 JavaThread "Finalizer" daemon [_thread_blocked, id=7040, stack(0x0000000019120000,0x0000000019220000)]
  0x0000000004426800 JavaThread "Reference Handler" daemon [_thread_blocked, id=5560, stack(0x0000000018c20000,0x0000000018d20000)]

Other Threads:
  0x0000000016e49800 VMThread [stack: 0x0000000018b20000,0x0000000018c20000] [id=9432]
  0x0000000018e05800 WatcherThread [stack: 0x0000000019a10000,0x0000000019b10000] [id=688]

VM state:not at safepoint (normal execution)

VM Mutex/Monitor currently owned by a thread: None

Heap:
 PSYoungGen      total 18944K, used 17339K [0x00000000eb400000, 0x00000000ec900000, 0x0000000100000000)
  eden space 16384K, 90% used [0x00000000eb400000,0x00000000ec26ef80,0x00000000ec400000)
  from space 2560K, 100% used [0x00000000ec680000,0x00000000ec900000,0x00000000ec900000)
  to   space 2560K, 0% used [0x00000000ec400000,0x00000000ec400000,0x00000000ec680000)
 ParOldGen       total 44032K, used 5358K [0x00000000c1c00000, 0x00000000c4700000, 0x00000000eb400000)
  object space 44032K, 12% used [0x00000000c1c00000,0x00000000c213bb00,0x00000000c4700000)
 Metaspace       used 19494K, capacity 19782K, committed 19968K, reserved 1067008K
  class space    used 2357K, capacity 2465K, committed 2560K, reserved 1048576K

Card table byte_map: [0x00000000137f0000,0x00000000139f0000] byte_map_base: 0x00000000131e2000

Marking Bits: (ParMarkBitMap*) 0x00000000715af860
 Begin Bits: [0x0000000014340000, 0x00000000152d0000)
 End Bits:   [0x00000000152d0000, 0x0000000016260000)

Polling page: 0x0000000002430000

CodeCache: size=245760Kb used=7717Kb max_used=7734Kb free=238042Kb
 bounds [0x0000000004430000, 0x0000000004bd0000, 0x0000000013430000]
 total_blobs=2974 nmethods=2403 adapters=482
 compilation: enabled

Compilation events (10 events):
Event: 11.135 Thread 0x0000000018d5a000 2398       3       java.awt.geom.Rectangle2D$Double::setRect (23 bytes)
Event: 11.135 Thread 0x0000000018d5a000 nmethod 2398 0x0000000004b89090 code [0x0000000004b891e0, 0x0000000004b89350]
Event: 11.135 Thread 0x0000000018d52800 2399       4       java.awt.LinearGradientPaintContext::fillRaster (97 bytes)
Event: 11.141 Thread 0x0000000018d52800 nmethod 2399 0x0000000004bb6810 code [0x0000000004bb69a0, 0x0000000004bb7058]
Event: 11.552 Thread 0x0000000018d5a000 2401       3       java.awt.AWTEventMulticaster::mouseMoved (27 bytes)
Event: 11.553 Thread 0x0000000018d5a000 nmethod 2401 0x0000000004bb7cd0 code [0x0000000004bb7e60, 0x0000000004bb8358]
Event: 11.600 Thread 0x0000000018d50800 2402       4       sun.awt.AWTAutoShutdown::notifyToolkitThreadBusy (8 bytes)
Event: 11.603 Thread 0x0000000018d49000 2403       4       sun.awt.AWTAutoShutdown::notifyToolkitThreadFree (8 bytes)
Event: 11.607 Thread 0x0000000018d50800 nmethod 2402 0x0000000004bb2e10 code [0x0000000004bb2f60, 0x0000000004bb3438]
Event: 11.609 Thread 0x0000000018d49000 nmethod 2403 0x0000000004bb2550 code [0x0000000004bb26a0, 0x0000000004bb2b58]

GC Heap History (4 events):
Event: 1.094 GC heap before
{Heap before GC invocations=1 (full 0):
 PSYoungGen      total 18944K, used 16384K [0x00000000eb400000, 0x00000000ec900000, 0x0000000100000000)
  eden space 16384K, 100% used [0x00000000eb400000,0x00000000ec400000,0x00000000ec400000)
  from space 2560K, 0% used [0x00000000ec680000,0x00000000ec680000,0x00000000ec900000)
  to   space 2560K, 0% used [0x00000000ec400000,0x00000000ec400000,0x00000000ec680000)
 ParOldGen       total 44032K, used 0K [0x00000000c1c00000, 0x00000000c4700000, 0x00000000eb400000)
  object space 44032K, 0% used [0x00000000c1c00000,0x00000000c1c00000,0x00000000c4700000)
 Metaspace       used 15392K, capacity 15650K, committed 15872K, reserved 1062912K
  class space    used 1966K, capacity 2033K, committed 2048K, reserved 1048576K
Event: 1.100 GC heap after
Heap after GC invocations=1 (full 0):
 PSYoungGen      total 18944K, used 2528K [0x00000000eb400000, 0x00000000ec900000, 0x0000000100000000)
  eden space 16384K, 0% used [0x00000000eb400000,0x00000000eb400000,0x00000000ec400000)
  from space 2560K, 98% used [0x00000000ec400000,0x00000000ec678020,0x00000000ec680000)
  to   space 2560K, 0% used [0x00000000ec680000,0x00000000ec680000,0x00000000ec900000)
 ParOldGen       total 44032K, used 2105K [0x00000000c1c00000, 0x00000000c4700000, 0x00000000eb400000)
  object space 44032K, 4% used [0x00000000c1c00000,0x00000000c1e0e6e0,0x00000000c4700000)
 Metaspace       used 15392K, capacity 15650K, committed 15872K, reserved 1062912K
  class space    used 1966K, capacity 2033K, committed 2048K, reserved 1048576K
}
Event: 2.462 GC heap before
{Heap before GC invocations=2 (full 0):
 PSYoungGen      total 18944K, used 18761K [0x00000000eb400000, 0x00000000ec900000, 0x0000000100000000)
  eden space 16384K, 99% used [0x00000000eb400000,0x00000000ec3da680,0x00000000ec400000)
  from space 2560K, 98% used [0x00000000ec400000,0x00000000ec678020,0x00000000ec680000)
  to   space 2560K, 0% used [0x00000000ec680000,0x00000000ec680000,0x00000000ec900000)
 ParOldGen       total 44032K, used 2105K [0x00000000c1c00000, 0x00000000c4700000, 0x00000000eb400000)
  object space 44032K, 4% used [0x00000000c1c00000,0x00000000c1e0e6e0,0x00000000c4700000)
 Metaspace       used 18030K, capacity 18304K, committed 18560K, reserved 1064960K
  class space    used 2226K, capacity 2334K, committed 2432K, reserved 1048576K
Event: 2.470 GC heap after
Heap after GC invocations=2 (full 0):
 PSYoungGen      total 18944K, used 2560K [0x00000000eb400000, 0x00000000ec900000, 0x0000000100000000)
  eden space 16384K, 0% used [0x00000000eb400000,0x00000000eb400000,0x00000000ec400000)
  from space 2560K, 100% used [0x00000000ec680000,0x00000000ec900000,0x00000000ec900000)
  to   space 2560K, 0% used [0x00000000ec400000,0x00000000ec400000,0x00000000ec680000)
 ParOldGen       total 44032K, used 5358K [0x00000000c1c00000, 0x00000000c4700000, 0x00000000eb400000)
  object space 44032K, 12% used [0x00000000c1c00000,0x00000000c213bb00,0x00000000c4700000)
 Metaspace       used 18030K, capacity 18304K, committed 18560K, reserved 1064960K
  class space    used 2226K, capacity 2334K, committed 2432K, reserved 1048576K
}

Deoptimization events (10 events):
Event: 9.144 Thread 0x000000001a0b3800 Uncommon trap: reason=bimorphic action=maybe_recompile pc=0x000000000489de48 method=java.util.Hashtable.put(Ljava/lang/Object;Ljava/lang/Object;)Ljava/lang/Object; @ 60
Event: 9.144 Thread 0x000000001a0b3800 Uncommon trap: reason=bimorphic action=maybe_recompile pc=0x000000000489de48 method=java.util.Hashtable.put(Ljava/lang/Object;Ljava/lang/Object;)Ljava/lang/Object; @ 60
Event: 9.144 Thread 0x000000001a0b3800 Uncommon trap: reason=bimorphic action=maybe_recompile pc=0x000000000489de48 method=java.util.Hashtable.put(Ljava/lang/Object;Ljava/lang/Object;)Ljava/lang/Object; @ 60
Event: 9.144 Thread 0x000000001a0b3800 Uncommon trap: reason=bimorphic action=maybe_recompile pc=0x000000000489de48 method=java.util.Hashtable.put(Ljava/lang/Object;Ljava/lang/Object;)Ljava/lang/Object; @ 60
Event: 9.166 Thread 0x000000001a0b3800 Uncommon trap: reason=unstable_if action=reinterpret pc=0x0000000004a64ff4 method=java.awt.MultipleGradientPaintContext.indexIntoGradientsArrays(F)I @ 24
Event: 9.166 Thread 0x000000001a0b3800 Uncommon trap: reason=unstable_if action=reinterpret pc=0x0000000004959c2c method=java.awt.MultipleGradientPaintContext.indexIntoGradientsArrays(F)I @ 24
Event: 9.760 Thread 0x000000001a0b3800 Uncommon trap: reason=class_check action=maybe_recompile pc=0x0000000004b5b468 method=java.awt.Container.getMouseEventTargetImpl(IIZLjava/awt/Container$EventTargetFilter;ZZ)Ljava/awt/Component; @ 191
Event: 9.761 Thread 0x000000001a0b3800 Uncommon trap: reason=class_check action=maybe_recompile pc=0x0000000004b5b468 method=java.awt.Container.getMouseEventTargetImpl(IIZLjava/awt/Container$EventTargetFilter;ZZ)Ljava/awt/Component; @ 191
Event: 9.763 Thread 0x000000001a0b3800 Uncommon trap: reason=class_check action=maybe_recompile pc=0x0000000004b5b468 method=java.awt.Container.getMouseEventTargetImpl(IIZLjava/awt/Container$EventTargetFilter;ZZ)Ljava/awt/Component; @ 191
Event: 9.768 Thread 0x000000001a0b3800 Uncommon trap: reason=class_check action=maybe_recompile pc=0x0000000004b5b468 method=java.awt.Container.getMouseEventTargetImpl(IIZLjava/awt/Container$EventTargetFilter;ZZ)Ljava/awt/Component; @ 191

Classes redefined (0 events):
No events

Internal exceptions (10 events):
Event: 0.385 Thread 0x000000000432e000 Exception <a 'java/lang/ClassNotFoundException': javax/swing/JToolBarSeparator> (0x00000000eb816fc0) thrown at [C:\re\workspace\8-2-build-windows-amd64-cygwin\jdk8u161\10277\hotspot\src\share\vm\classfile\systemDictionary.cpp, line 210]
Event: 0.385 Thread 0x000000000432e000 Exception <a 'java/lang/ClassNotFoundException': ToolBarSeparator> (0x00000000eb817458) thrown at [C:\re\workspace\8-2-build-windows-amd64-cygwin\jdk8u161\10277\hotspot\src\share\vm\classfile\systemDictionary.cpp, line 210]
Event: 0.385 Thread 0x000000000432e000 Exception <a 'java/lang/ClassNotFoundException': ToolTip> (0x00000000eb817b98) thrown at [C:\re\workspace\8-2-build-windows-amd64-cygwin\jdk8u161\10277\hotspot\src\share\vm\classfile\systemDictionary.cpp, line 210]
Event: 0.386 Thread 0x000000000432e000 Exception <a 'java/lang/ClassNotFoundException': Tree> (0x00000000eb8187b8) thrown at [C:\re\workspace\8-2-build-windows-amd64-cygwin\jdk8u161\10277\hotspot\src\share\vm\classfile\systemDictionary.cpp, line 210]
Event: 0.386 Thread 0x000000000432e000 Exception <a 'java/lang/ClassNotFoundException': Tree> (0x00000000eb818ef8) thrown at [C:\re\workspace\8-2-build-windows-amd64-cygwin\jdk8u161\10277\hotspot\src\share\vm\classfile\systemDictionary.cpp, line 210]
Event: 0.386 Thread 0x000000000432e000 Exception <a 'java/lang/ClassNotFoundException': javax/swing/JTreeCell> (0x00000000eb819278) thrown at [C:\re\workspace\8-2-build-windows-amd64-cygwin\jdk8u161\10277\hotspot\src\share\vm\classfile\systemDictionary.cpp, line 210]
Event: 0.386 Thread 0x000000000432e000 Exception <a 'java/lang/ClassNotFoundException': TreeCell> (0x00000000eb819700) thrown at [C:\re\workspace\8-2-build-windows-amd64-cygwin\jdk8u161\10277\hotspot\src\share\vm\classfile\systemDictionary.cpp, line 210]
Event: 0.387 Thread 0x000000000432e000 Exception <a 'java/lang/ClassNotFoundException': RootPane> (0x00000000eb81a160) thrown at [C:\re\workspace\8-2-build-windows-amd64-cygwin\jdk8u161\10277\hotspot\src\share\vm\classfile\systemDictionary.cpp, line 210]
Event: 1.338 Thread 0x000000001a0b3800 Implicit null exception at 0x000000000482f358 to 0x000000000482f49d
Event: 9.143 Thread 0x000000001a0b3800 Implicit null exception at 0x0000000004a270f0 to 0x0000000004a2714b

Events (10 events):
Event: 10.580 Thread 0x000000001a0b3800 DEOPT PACKING pc=0x0000000004b82d66 sp=0x000000001b0ebd50
Event: 10.580 Thread 0x000000001a0b3800 DEOPT UNPACKING pc=0x0000000004477890 sp=0x000000001b0eba50 mode 0
Event: 10.585 Thread 0x000000001a0b3800 DEOPT PACKING pc=0x0000000004b82d66 sp=0x000000001b0ebd50
Event: 10.585 Thread 0x000000001a0b3800 DEOPT UNPACKING pc=0x0000000004477890 sp=0x000000001b0eba50 mode 0
Event: 11.130 loading class javax/swing/text/JTextComponent$InputMethodRequestsHandler
Event: 11.130 loading class javax/swing/text/JTextComponent$InputMethodRequestsHandler done
Event: 11.135 Thread 0x000000001a0b3800 DEOPT PACKING pc=0x0000000004b82d66 sp=0x000000001b0ebd50
Event: 11.135 Thread 0x000000001a0b3800 DEOPT UNPACKING pc=0x0000000004477890 sp=0x000000001b0eba50 mode 0
Event: 11.210 loading class javax/swing/Autoscroller
Event: 11.210 loading class javax/swing/Autoscroller done


Dynamic libraries:
0x00007ff65ddc0000 - 0x00007ff65ddf7000 	C:\Program Files\Java\jdk1.8.0_161\bin\java.exe
0x00007ffed5480000 - 0x00007ffed5660000 	C:\WINDOWS\SYSTEM32\ntdll.dll
0x00007ffed2e40000 - 0x00007ffed2eee000 	C:\WINDOWS\System32\KERNEL32.DLL
0x00007ffed1900000 - 0x00007ffed1b66000 	C:\WINDOWS\System32\KERNELBASE.dll
0x00007ffed47f0000 - 0x00007ffed4891000 	C:\WINDOWS\System32\ADVAPI32.dll
0x00007ffed53b0000 - 0x00007ffed544d000 	C:\WINDOWS\System32\msvcrt.dll
0x00007ffed4e30000 - 0x00007ffed4e8b000 	C:\WINDOWS\System32\sechost.dll
0x00007ffed2950000 - 0x00007ffed2a6f000 	C:\WINDOWS\System32\RPCRT4.dll
0x00007ffed4f00000 - 0x00007ffed508f000 	C:\WINDOWS\System32\USER32.dll
0x00007ffed22c0000 - 0x00007ffed22e0000 	C:\WINDOWS\System32\win32u.dll
0x00007ffed2b20000 - 0x00007ffed2b48000 	C:\WINDOWS\System32\GDI32.dll
0x00007ffed27b0000 - 0x00007ffed2943000 	C:\WINDOWS\System32\gdi32full.dll
0x00007ffed22e0000 - 0x00007ffed237b000 	C:\WINDOWS\System32\msvcp_win.dll
0x00007ffed23e0000 - 0x00007ffed24d6000 	C:\WINDOWS\System32\ucrtbase.dll
0x00007ffec4cc0000 - 0x00007ffec4f29000 	C:\WINDOWS\WinSxS\amd64_microsoft.windows.common-controls_6595b64144ccf1df_6.0.16299.371_none_15c7d1789365a290\COMCTL32.dll
0x00007ffed50a0000 - 0x00007ffed53a8000 	C:\WINDOWS\System32\combase.dll
0x00007ffed1880000 - 0x00007ffed18f2000 	C:\WINDOWS\System32\bcryptPrimitives.dll
0x00007ffed2a70000 - 0x00007ffed2a9d000 	C:\WINDOWS\System32\IMM32.DLL
0x0000000070cb0000 - 0x0000000070d82000 	C:\Program Files\Java\jdk1.8.0_161\jre\bin\msvcr100.dll
0x0000000070d90000 - 0x000000007162f000 	C:\Program Files\Java\jdk1.8.0_161\jre\bin\server\jvm.dll
0x00007ffed2d00000 - 0x00007ffed2d08000 	C:\WINDOWS\System32\PSAPI.DLL
0x00007ffec5c20000 - 0x00007ffec5c43000 	C:\WINDOWS\SYSTEM32\WINMM.dll
0x00007ffec9df0000 - 0x00007ffec9df9000 	C:\WINDOWS\SYSTEM32\WSOCK32.dll
0x00007ffec99f0000 - 0x00007ffec99fa000 	C:\WINDOWS\SYSTEM32\VERSION.dll
0x00007ffed4780000 - 0x00007ffed47ec000 	C:\WINDOWS\System32\WS2_32.dll
0x00007ffec5bf0000 - 0x00007ffec5c1a000 	C:\WINDOWS\SYSTEM32\WINMMBASE.dll
0x00007ffed24e0000 - 0x00007ffed252a000 	C:\WINDOWS\System32\cfgmgr32.dll
0x0000000070c60000 - 0x0000000070c6f000 	C:\Program Files\Java\jdk1.8.0_161\jre\bin\verify.dll
0x0000000070c30000 - 0x0000000070c59000 	C:\Program Files\Java\jdk1.8.0_161\jre\bin\java.dll
0x0000000070c10000 - 0x0000000070c26000 	C:\Program Files\Java\jdk1.8.0_161\jre\bin\zip.dll
0x00007ffed3340000 - 0x00007ffed4776000 	C:\WINDOWS\System32\SHELL32.dll
0x00007ffed2b50000 - 0x00007ffed2bf6000 	C:\WINDOWS\System32\shcore.dll
0x00007ffed1b70000 - 0x00007ffed22b7000 	C:\WINDOWS\System32\windows.storage.dll
0x00007ffed4ea0000 - 0x00007ffed4ef1000 	C:\WINDOWS\System32\shlwapi.dll
0x00007ffed1840000 - 0x00007ffed1851000 	C:\WINDOWS\System32\kernel.appcore.dll
0x00007ffed17d0000 - 0x00007ffed181c000 	C:\WINDOWS\System32\powrprof.dll
0x00007ffed1820000 - 0x00007ffed183b000 	C:\WINDOWS\System32\profapi.dll
0x0000000070a30000 - 0x0000000070bc8000 	C:\Program Files\Java\jdk1.8.0_161\jre\bin\awt.dll
0x00007ffed2d10000 - 0x00007ffed2dd5000 	C:\WINDOWS\System32\OLEAUT32.dll
0x00007ffecefe0000 - 0x00007ffecf068000 	C:\WINDOWS\SYSTEM32\apphelp.dll
0x00007ffecf110000 - 0x00007ffecf1a5000 	C:\WINDOWS\system32\uxtheme.dll
0x00007ffed4ca0000 - 0x00007ffed4e07000 	C:\WINDOWS\System32\MSCTF.dll
0x00007ffecfce0000 - 0x00007ffecfd0a000 	C:\WINDOWS\system32\dwmapi.dll
0x00007ffed4b50000 - 0x00007ffed4c99000 	C:\WINDOWS\System32\ole32.dll
0x00000000709e0000 - 0x0000000070a27000 	C:\Program Files\Java\jdk1.8.0_161\jre\bin\fontmanager.dll
0x00007ffeb25f0000 - 0x00007ffeb270e000 	C:\WINDOWS\system32\opengl32.dll
0x00007ffec43f0000 - 0x00007ffec441c000 	C:\WINDOWS\SYSTEM32\GLU32.dll
0x00007ffed2c60000 - 0x00007ffed2cfe000 	C:\WINDOWS\System32\clbcatq.dll
0x00007ffebbef0000 - 0x00007ffebc09b000 	C:\WINDOWS\SYSTEM32\WindowsCodecs.dll
0x00007ffeb4140000 - 0x00007ffeb418f000 	C:\WINDOWS\system32\dataexchange.dll
0x00007ffeceab0000 - 0x00007ffecebf2000 	C:\WINDOWS\system32\dcomp.dll
0x00007ffecdec0000 - 0x00007ffece1a2000 	C:\WINDOWS\system32\d3d11.dll
0x00007ffed0630000 - 0x00007ffed06df000 	C:\WINDOWS\system32\dxgi.dll
0x00007ffecfe30000 - 0x00007ffecffab000 	C:\WINDOWS\system32\twinapi.appcore.dll
0x00007ffed1330000 - 0x00007ffed1355000 	C:\WINDOWS\system32\bcrypt.dll
0x00007ffecfdd0000 - 0x00007ffecfdf0000 	C:\WINDOWS\system32\RMCLIENT.dll
0x0000000070bf0000 - 0x0000000070c0a000 	C:\Program Files\Java\jdk1.8.0_161\jre\bin\net.dll
0x00007ffed1060000 - 0x00007ffed10c6000 	C:\WINDOWS\system32\mswsock.dll
0x0000000070bd0000 - 0x0000000070be1000 	C:\Program Files\Java\jdk1.8.0_161\jre\bin\nio.dll
0x0000000070990000 - 0x00000000709d2000 	C:\Program Files\Java\jdk1.8.0_161\jre\bin\t2k.dll
0x00007ffed0e30000 - 0x00007ffed0ee6000 	C:\WINDOWS\SYSTEM32\DNSAPI.dll
0x00007ffed5090000 - 0x00007ffed5098000 	C:\WINDOWS\System32\NSI.dll
0x00007ffed0df0000 - 0x00007ffed0e29000 	C:\WINDOWS\SYSTEM32\IPHLPAPI.DLL
0x00007ffeca9d0000 - 0x00007ffeca9da000 	C:\Windows\System32\rasadhlp.dll
0x00007ffecaa00000 - 0x00007ffecaa70000 	C:\WINDOWS\System32\fwpuclnt.dll
0x00007ffed1220000 - 0x00007ffed1237000 	C:\WINDOWS\SYSTEM32\CRYPTSP.dll
0x00007ffed0c60000 - 0x00007ffed0c93000 	C:\WINDOWS\system32\rsaenh.dll
0x00007ffed1700000 - 0x00007ffed1729000 	C:\WINDOWS\SYSTEM32\USERENV.dll
0x00007ffed1240000 - 0x00007ffed124b000 	C:\WINDOWS\SYSTEM32\CRYPTBASE.dll
0x00007ffecb900000 - 0x00007ffecb916000 	C:\WINDOWS\SYSTEM32\dhcpcsvc6.DLL
0x00007ffecba60000 - 0x00007ffecba7a000 	C:\WINDOWS\SYSTEM32\dhcpcsvc.DLL
0x0000000070920000 - 0x0000000070944000 	C:\Program Files\Java\jdk1.8.0_161\jre\bin\sunec.dll
0x0000000070910000 - 0x000000007091b000 	C:\Program Files\Java\jdk1.8.0_161\jre\bin\sunmscapi.dll
0x00007ffed25e0000 - 0x00007ffed27ae000 	C:\WINDOWS\System32\CRYPT32.dll
0x00007ffed1860000 - 0x00007ffed1872000 	C:\WINDOWS\System32\MSASN1.dll
0x00007ffecd220000 - 0x00007ffecd236000 	C:\WINDOWS\system32\napinsp.dll
0x00007ffecc050000 - 0x00007ffecc06a000 	C:\WINDOWS\system32\pnrpnsp.dll
0x00007ffece1b0000 - 0x00007ffece1c8000 	C:\WINDOWS\system32\NLAapi.dll
0x00007ffeccc40000 - 0x00007ffeccc4e000 	C:\WINDOWS\System32\winrnr.dll
0x00007ffeb3cd0000 - 0x00007ffeb3d68000 	C:\WINDOWS\System32\TextInputFramework.dll
0x00007ffec31b0000 - 0x00007ffec349e000 	C:\WINDOWS\System32\CoreUIComponents.dll
0x00007ffece1d0000 - 0x00007ffece2ac000 	C:\WINDOWS\System32\CoreMessaging.dll
0x00007ffed0900000 - 0x00007ffed0931000 	C:\WINDOWS\SYSTEM32\ntmarta.dll
0x00007ffecd330000 - 0x00007ffecd466000 	C:\WINDOWS\SYSTEM32\wintypes.dll
0x0000000070950000 - 0x000000007097a000 	C:\Program Files\Java\jdk1.8.0_161\jre\bin\dcpr.dll
0x00007ffed02c0000 - 0x00007ffed0488000 	C:\WINDOWS\SYSTEM32\dbghelp.dll

VM Arguments:
jvm_args: -Dfile.encoding=UTF-8 
java_command: GUI_QuanLi.GUI_QuanLi_XeMay_KhachHang
java_class_path (initial): D:\2017-2018\Ki2\LapTrinhJava\JDBC.JAR\sqljdbc4.jar;C:\Program Files\Java\jdk1.8.0_161\db\lib\derby.jar;C:\Program Files\Java\jdk1.8.0_161\db\lib\derbyclient.jar;C:\Program Files\Java\jdk1.8.0_161\db\lib\derbynet.jar;D:\2017-2018\Ki2\LapTrinhJava\JDBC.JAR\sqljdbc_6.0\enu\jre8\sqljdbc42.jar;D:\2017-2018\Ki2\LapTrinhJava\JDBC.JAR\sqljdbc_6.0\enu\jre7\sqljdbc41.jar;C:\Users\admin\Documents\NetBeansProjects\BaiTapLon_QuanLiXeMay\build\classes
Launcher Type: SUN_STANDARD

Environment Variables:
PATH=C:\ProgramData\Oracle\Java\javapath;C:\Windows\system32;C:\Windows;C:\Windows\System32\Wbem;C:\Windows\System32\WindowsPowerShell\v1.0\;C:\Program Files\Java\jdk1.8.0_161\bin;;C:\Program Files (x86)\NVIDIA Corporation\PhysX\Common;C:\WINDOWS\system32;C:\WINDOWS;C:\WINDOWS\System32\Wbem;C:\WINDOWS\System32\WindowsPowerShell\v1.0\;C:\Program Files\Microsoft SQL Server\Client SDK\ODBC\130\Tools\Binn\;C:\Program Files (x86)\Microsoft SQL Server\140\Tools\Binn\;C:\Program Files\Microsoft SQL Server\140\Tools\Binn\;C:\Program Files\Microsoft SQL Server\140\DTS\Binn\;C:\Program Files (x86)\Microsoft SQL Server\Client SDK\ODBC\130\Tools\Binn\;C:\Program Files (x86)\Microsoft SQL Server\140\DTS\Binn\;C:\Program Files (x86)\Microsoft SQL Server\140\Tools\Binn\ManagementStudio\;C:\Users\admin\AppData\Local\Microsoft\WindowsApps;
USERNAME=Tuan Dat
OS=Windows_NT
PROCESSOR_IDENTIFIER=Intel64 Family 6 Model 142 Stepping 10, GenuineIntel



---------------  S Y S T E M  ---------------

OS: Windows 10.0 , 64 bit Build 16299 (10.0.16299.15)

CPU:total 8 (initial active 8) (4 cores per cpu, 2 threads per core) family 6 model 142 stepping 10, cmov, cx8, fxsr, mmx, sse, sse2, sse3, ssse3, sse4.1, sse4.2, popcnt, avx, avx2, aes, clmul, erms, 3dnowpref, lzcnt, ht, tsc, tscinvbit, bmi1, bmi2, adx

Memory: 4k page, physical 4074288k(1264356k free), swap 6957872k(3185844k free)

vm_info: Java HotSpot(TM) 64-Bit Server VM (25.161-b12) for windows-amd64 JRE (1.8.0_161-b12), built on Dec 19 2017 17:52:25 by "java_re" with MS VC++ 10.0 (VS2010)

time: Fri Apr 27 17:57:17 2018
elapsed time: 11 seconds (0d 0h 0m 11s)

