#
# A fatal error has been detected by the Java Runtime Environment:
#
#  EXCEPTION_ACCESS_VIOLATION (0xc0000005) at pc=0x00000000049d50d2, pid=1512, tid=0x000000000000065c
#
# JRE version: Java(TM) SE Runtime Environment (8.0_161-b12) (build 1.8.0_161-b12)
# Java VM: Java HotSpot(TM) 64-Bit Server VM (25.161-b12 mixed mode windows-amd64 compressed oops)
# Problematic frame:
# j  java.lang.invoke.MethodHandle.setVarargs(Ljava/lang/invoke/MemberName;)Ljava/lang/invoke/MethodHandle;+1
#
# Failed to write core dump. Minidumps are not enabled by default on client versions of Windows
#
# If you would like to submit a bug report, please visit:
#   http://bugreport.java.com/bugreport/crash.jsp
#

---------------  T H R E A D  ---------------

Current thread (0x000000001a5bc000):  JavaThread "Image Fetcher 0" daemon [_thread_in_Java, id=1628, stack(0x000000001b760000,0x000000001b860000)]

siginfo: ExceptionCode=0xc0000005, reading address 0x0000001016a39138

Registers:
RAX=0x0000000000000000, RBX=0x0000001016a390e8, RCX=0x00000000eb9943a8, RDX=0x0000000010500001
RSP=0x000000001b85d088, RBP=0x000000001b85d0d8, RSI=0x0000000016ebca78, RDI=0x0000000000000108
R8 =0x0000000000100000, R9 =0x00000000eb402b38, R10=0x0000000068581240, R11=0x0000000004adaa60
R12=0x0000000000000000, R13=0x000000001b85d090, R14=0x000000001b85d0f8, R15=0x000000001a5bc000
RIP=0x00000000049d50d2, EFLAGS=0x0000000000010246

Top of Stack: (sp=0x000000001b85d088)
0x000000001b85d088:   00000000049b7b30 00000000eb9943a8
0x000000001b85d098:   000000001b85d098 0000000016a35029
0x000000001b85d0a8:   000000001b85d0f8 0000000016baee78
0x000000001b85d0b8:   0000000000000000 0000000016a35060
0x000000001b85d0c8:   000000001b85d090 000000001b85d0f0
0x000000001b85d0d8:   000000001b85d140 00000000049b80e0
0x000000001b85d0e8:   0000000000000000 00000000eb9943a8
0x000000001b85d0f8:   00000000eb998408 000000001b85d100
0x000000001b85d108:   0000000016c6d047 000000001b85d190
0x000000001b85d118:   0000000016c75398 0000000000000000
0x000000001b85d128:   0000000016c6d080 000000001b85d0f0
0x000000001b85d138:   000000001b85d160 000000001b85d1d8
0x000000001b85d148:   00000000049b80e0 00000000eb998408
0x000000001b85d158:   00000000eb998408 00000000eb952d90
0x000000001b85d168:   0000000000000001 0000000000000000
0x000000001b85d178:   00000000eb9943a8 00000000eb952d90 

Instructions: (pc=0x00000000049d50d2)
0x00000000049d50b2:   48 83 c0 10 4c 8b 68 d8 41 83 ed 04 41 c1 e5 03
0x00000000049d50c2:   49 03 c5 48 89 45 e0 4c 8d 6c 24 08 4c 89 6d f0
0x00000000049d50d2:   ff 63 50 8b 41 08 48 c1 e0 03 4c 8b 75 e0 4d 85
0x00000000049d50e2:   f6 0f 84 95 00 00 00 49 8b 56 10 48 3b d0 0f 85 


Register to memory mapping:

RAX=0x0000000000000000 is an unknown value
RBX=0x0000001016a390e8 is an unknown value
RCX=0x00000000eb9943a8 is an oop
java.lang.invoke.MemberName 
 - klass: 'java/lang/invoke/MemberName'
RDX=0x0000000010500001 is an unknown value
RSP=0x000000001b85d088 is pointing into the stack for thread: 0x000000001a5bc000
RBP=0x000000001b85d0d8 is pointing into the stack for thread: 0x000000001a5bc000
RSI=0x0000000016ebca78 is pointing into metadata
RDI=0x0000000000000108 is an unknown value
R8 =0x0000000000100000 is an unknown value
R9 =0x00000000eb402b38 is an oop
java.lang.Class 
 - klass: 'java/lang/Class'
R10=0x0000000068581240 is an unknown value
R11=0x0000000004adaa60 is at entry_point+32 in (nmethod*)0x0000000004ada910
R12=0x0000000000000000 is an unknown value
R13=0x000000001b85d090 is pointing into the stack for thread: 0x000000001a5bc000
R14=0x000000001b85d0f8 is pointing into the stack for thread: 0x000000001a5bc000
R15=0x000000001a5bc000 is a thread


Stack: [0x000000001b760000,0x000000001b860000],  sp=0x000000001b85d088,  free space=1012k
Native frames: (J=compiled Java code, j=interpreted, Vv=VM code, C=native code)
C  0x00000000049d50d2


---------------  P R O C E S S  ---------------

Java Threads: ( => current thread )
=>0x000000001a5bc000 JavaThread "Image Fetcher 0" daemon [_thread_in_Java, id=1628, stack(0x000000001b760000,0x000000001b860000)]
  0x00000000048ae000 JavaThread "DestroyJavaVM" [_thread_blocked, id=10104, stack(0x00000000046f0000,0x00000000047f0000)]
  0x000000001a589000 JavaThread "AWT-EventQueue-0" [_thread_blocked, id=2260, stack(0x000000001b040000,0x000000001b140000)]
  0x000000001a4f1000 JavaThread "AWT-Windows" daemon [_thread_in_native, id=9180, stack(0x000000001ae80000,0x000000001af80000)]
  0x000000001a4ee800 JavaThread "AWT-Shutdown" [_thread_blocked, id=6068, stack(0x000000001ad80000,0x000000001ae80000)]
  0x000000001a4ed800 JavaThread "Java2D Disposer" daemon [_thread_blocked, id=6448, stack(0x000000001ac80000,0x000000001ad80000)]
  0x000000001938b000 JavaThread "Service Thread" daemon [_thread_blocked, id=9652, stack(0x0000000019eb0000,0x0000000019fb0000)]
  0x00000000192f6000 JavaThread "C1 CompilerThread3" daemon [_thread_blocked, id=4864, stack(0x0000000019db0000,0x0000000019eb0000)]
  0x00000000192f2000 JavaThread "C2 CompilerThread2" daemon [_thread_blocked, id=7688, stack(0x0000000019cb0000,0x0000000019db0000)]
  0x00000000192ec800 JavaThread "C2 CompilerThread1" daemon [_thread_blocked, id=10440, stack(0x0000000019bb0000,0x0000000019cb0000)]
  0x00000000192e9800 JavaThread "C2 CompilerThread0" daemon [_thread_blocked, id=8232, stack(0x0000000019ab0000,0x0000000019bb0000)]
  0x00000000192e8800 JavaThread "Attach Listener" daemon [_thread_blocked, id=9928, stack(0x00000000199b0000,0x0000000019ab0000)]
  0x00000000192e5800 JavaThread "Signal Dispatcher" daemon [_thread_blocked, id=5580, stack(0x00000000198b0000,0x00000000199b0000)]
  0x00000000192e0800 JavaThread "Finalizer" daemon [_thread_blocked, id=10520, stack(0x00000000196c0000,0x00000000197c0000)]
  0x00000000049a7000 JavaThread "Reference Handler" daemon [_thread_blocked, id=9800, stack(0x00000000191c0000,0x00000000192c0000)]

Other Threads:
  0x00000000173c9000 VMThread [stack: 0x00000000190c0000,0x00000000191c0000] [id=10348]
  0x00000000193a6000 WatcherThread [stack: 0x0000000019fb0000,0x000000001a0b0000] [id=7808]

VM state:not at safepoint (normal execution)

VM Mutex/Monitor currently owned by a thread: None

Heap:
 PSYoungGen      total 18944K, used 6025K [0x00000000eb400000, 0x00000000ec900000, 0x0000000100000000)
  eden space 16384K, 36% used [0x00000000eb400000,0x00000000eb9e2728,0x00000000ec400000)
  from space 2560K, 0% used [0x00000000ec680000,0x00000000ec680000,0x00000000ec900000)
  to   space 2560K, 0% used [0x00000000ec400000,0x00000000ec400000,0x00000000ec680000)
 ParOldGen       total 44032K, used 0K [0x00000000c1c00000, 0x00000000c4700000, 0x00000000eb400000)
  object space 44032K, 0% used [0x00000000c1c00000,0x00000000c1c00000,0x00000000c4700000)
 Metaspace       used 9888K, capacity 10090K, committed 10368K, reserved 1058816K
  class space    used 1280K, capacity 1383K, committed 1408K, reserved 1048576K

Card table byte_map: [0x0000000013d70000,0x0000000013f70000] byte_map_base: 0x0000000013762000

Marking Bits: (ParMarkBitMap*) 0x000000006859f860
 Begin Bits: [0x00000000148c0000, 0x0000000015850000)
 End Bits:   [0x0000000015850000, 0x00000000167e0000)

Polling page: 0x0000000002af0000

CodeCache: size=245760Kb used=1855Kb max_used=1862Kb free=243904Kb
 bounds [0x00000000049b0000, 0x0000000004c20000, 0x00000000139b0000]
 total_blobs=774 nmethods=369 adapters=318
 compilation: enabled

Compilation events (10 events):
Event: 0.280 Thread 0x00000000192f6000 nmethod 363 0x0000000004b7db90 code [0x0000000004b7dce0, 0x0000000004b7deb0]
Event: 0.280 Thread 0x00000000192f6000  364       3       java.util.StringTokenizer::skipDelimiters (116 bytes)
Event: 0.280 Thread 0x00000000192f6000 nmethod 364 0x0000000004b7c910 code [0x0000000004b7cb20, 0x0000000004b7d6d8]
Event: 0.280 Thread 0x00000000192f6000  366       3       javax.swing.ArrayTable::isArray (8 bytes)
Event: 0.280 Thread 0x00000000192f6000 nmethod 366 0x0000000004b7c510 code [0x0000000004b7c660, 0x0000000004b7c8b0]
Event: 0.280 Thread 0x00000000192f6000  367  s    1       java.util.Hashtable::size (5 bytes)
Event: 0.280 Thread 0x00000000192f6000 nmethod 367 0x0000000004b7c0d0 code [0x0000000004b7c220, 0x0000000004b7c490]
Event: 0.281 Thread 0x00000000192ec800 nmethod 365 0x0000000004b81f50 code [0x0000000004b820a0, 0x0000000004b822b8]
Event: 0.288 Thread 0x00000000192f6000  369       3       sun.invoke.util.Wrapper::forBasicType (16 bytes)
Event: 0.289 Thread 0x00000000192f6000 nmethod 369 0x0000000004b81590 code [0x0000000004b81700, 0x0000000004b81978]

GC Heap History (0 events):
No events

Deoptimization events (0 events):
No events

Classes redefined (0 events):
No events

Internal exceptions (10 events):
Event: 0.212 Thread 0x00000000048ae000 Exception <a 'java/lang/ClassNotFoundException': ToolBar> (0x00000000eb7c3bf8) thrown at [C:\re\workspace\8-2-build-windows-amd64-cygwin\jdk8u161\10277\hotspot\src\share\vm\classfile\systemDictionary.cpp, line 210]
Event: 0.212 Thread 0x00000000048ae000 Exception <a 'java/lang/ClassNotFoundException': ToggleButton> (0x00000000eb7c41a8) thrown at [C:\re\workspace\8-2-build-windows-amd64-cygwin\jdk8u161\10277\hotspot\src\share\vm\classfile\systemDictionary.cpp, line 210]
Event: 0.212 Thread 0x00000000048ae000 Exception <a 'java/lang/ClassNotFoundException': javax/swing/JToolBarSeparator> (0x00000000eb7c4608) thrown at [C:\re\workspace\8-2-build-windows-amd64-cygwin\jdk8u161\10277\hotspot\src\share\vm\classfile\systemDictionary.cpp, line 210]
Event: 0.212 Thread 0x00000000048ae000 Exception <a 'java/lang/ClassNotFoundException': ToolBarSeparator> (0x00000000eb7c4aa0) thrown at [C:\re\workspace\8-2-build-windows-amd64-cygwin\jdk8u161\10277\hotspot\src\share\vm\classfile\systemDictionary.cpp, line 210]
Event: 0.212 Thread 0x00000000048ae000 Exception <a 'java/lang/ClassNotFoundException': ToolTip> (0x00000000eb7c51e0) thrown at [C:\re\workspace\8-2-build-windows-amd64-cygwin\jdk8u161\10277\hotspot\src\share\vm\classfile\systemDictionary.cpp, line 210]
Event: 0.213 Thread 0x00000000048ae000 Exception <a 'java/lang/ClassNotFoundException': Tree> (0x00000000eb7c5e00) thrown at [C:\re\workspace\8-2-build-windows-amd64-cygwin\jdk8u161\10277\hotspot\src\share\vm\classfile\systemDictionary.cpp, line 210]
Event: 0.213 Thread 0x00000000048ae000 Exception <a 'java/lang/ClassNotFoundException': Tree> (0x00000000eb7c6540) thrown at [C:\re\workspace\8-2-build-windows-amd64-cygwin\jdk8u161\10277\hotspot\src\share\vm\classfile\systemDictionary.cpp, line 210]
Event: 0.213 Thread 0x00000000048ae000 Exception <a 'java/lang/ClassNotFoundException': javax/swing/JTreeCell> (0x00000000eb7c68c0) thrown at [C:\re\workspace\8-2-build-windows-amd64-cygwin\jdk8u161\10277\hotspot\src\share\vm\classfile\systemDictionary.cpp, line 210]
Event: 0.213 Thread 0x00000000048ae000 Exception <a 'java/lang/ClassNotFoundException': TreeCell> (0x00000000eb7c6d48) thrown at [C:\re\workspace\8-2-build-windows-amd64-cygwin\jdk8u161\10277\hotspot\src\share\vm\classfile\systemDictionary.cpp, line 210]
Event: 0.213 Thread 0x00000000048ae000 Exception <a 'java/lang/ClassNotFoundException': RootPane> (0x00000000eb7c77a8) thrown at [C:\re\workspace\8-2-build-windows-amd64-cygwin\jdk8u161\10277\hotspot\src\share\vm\classfile\systemDictionary.cpp, line 210]

Events (10 events):
Event: 0.283 loading class sun/awt/image/FetcherInfo done
Event: 0.283 loading class sun/awt/image/ImageFetcher$1
Event: 0.283 loading class sun/awt/image/ImageFetcher$1 done
Event: 0.283 Thread 0x000000001a5bc000 Thread added: 0x000000001a5bc000
Event: 0.287 loading class sun/awt/image/JPEGImageDecoder
Event: 0.287 loading class sun/awt/image/ImageDecoder
Event: 0.287 loading class sun/awt/image/ImageDecoder done
Event: 0.287 loading class sun/awt/image/JPEGImageDecoder done
Event: 0.287 loading class sun/awt/image/JPEGImageDecoder$1
Event: 0.287 loading class sun/awt/image/JPEGImageDecoder$1 done


Dynamic libraries:
0x00007ff74b5c0000 - 0x00007ff74b5f7000 	C:\Program Files\Java\jdk1.8.0_161\bin\java.exe
0x00007ff9a1030000 - 0x00007ff9a1210000 	C:\WINDOWS\SYSTEM32\ntdll.dll
0x00007ff99e950000 - 0x00007ff99e9fe000 	C:\WINDOWS\System32\KERNEL32.DLL
0x00007ff99d4e0000 - 0x00007ff99d746000 	C:\WINDOWS\System32\KERNELBASE.dll
0x00007ff99eb90000 - 0x00007ff99ec31000 	C:\WINDOWS\System32\ADVAPI32.dll
0x00007ff9a0f00000 - 0x00007ff9a0f9d000 	C:\WINDOWS\System32\msvcrt.dll
0x00007ff99fa30000 - 0x00007ff99fa8b000 	C:\WINDOWS\System32\sechost.dll
0x00007ff99f1f0000 - 0x00007ff99f30f000 	C:\WINDOWS\System32\RPCRT4.dll
0x00007ff99ea00000 - 0x00007ff99eb8f000 	C:\WINDOWS\System32\USER32.dll
0x00007ff99dd90000 - 0x00007ff99ddb0000 	C:\WINDOWS\System32\win32u.dll
0x00007ff99e920000 - 0x00007ff99e948000 	C:\WINDOWS\System32\GDI32.dll
0x00007ff99d920000 - 0x00007ff99dab3000 	C:\WINDOWS\System32\gdi32full.dll
0x00007ff99dc40000 - 0x00007ff99dcdb000 	C:\WINDOWS\System32\msvcp_win.dll
0x00007ff99db40000 - 0x00007ff99dc36000 	C:\WINDOWS\System32\ucrtbase.dll
0x00007ff994a00000 - 0x00007ff994c69000 	C:\WINDOWS\WinSxS\amd64_microsoft.windows.common-controls_6595b64144ccf1df_6.0.16299.371_none_15c7d1789365a290\COMCTL32.dll
0x00007ff99e500000 - 0x00007ff99e808000 	C:\WINDOWS\System32\combase.dll
0x00007ff99dac0000 - 0x00007ff99db32000 	C:\WINDOWS\System32\bcryptPrimitives.dll
0x00007ff99fa90000 - 0x00007ff99fabd000 	C:\WINDOWS\System32\IMM32.DLL
0x0000000067ca0000 - 0x0000000067d72000 	C:\Program Files\Java\jdk1.8.0_161\jre\bin\msvcr100.dll
0x0000000067d80000 - 0x000000006861f000 	C:\Program Files\Java\jdk1.8.0_161\jre\bin\server\jvm.dll
0x00007ff99f9a0000 - 0x00007ff99f9a8000 	C:\WINDOWS\System32\PSAPI.DLL
0x00007ff99a610000 - 0x00007ff99a61a000 	C:\WINDOWS\SYSTEM32\VERSION.dll
0x00007ff990e10000 - 0x00007ff990e19000 	C:\WINDOWS\SYSTEM32\WSOCK32.dll
0x00007ff998850000 - 0x00007ff998873000 	C:\WINDOWS\SYSTEM32\WINMM.dll
0x00007ff99f0b0000 - 0x00007ff99f11c000 	C:\WINDOWS\System32\WS2_32.dll
0x00007ff9987f0000 - 0x00007ff99881a000 	C:\WINDOWS\SYSTEM32\winmmbase.dll
0x00007ff99dd40000 - 0x00007ff99dd8a000 	C:\WINDOWS\System32\cfgmgr32.dll
0x00000000692d0000 - 0x00000000692df000 	C:\Program Files\Java\jdk1.8.0_161\jre\bin\verify.dll
0x00000000692a0000 - 0x00000000692c9000 	C:\Program Files\Java\jdk1.8.0_161\jre\bin\java.dll
0x0000000069280000 - 0x0000000069296000 	C:\Program Files\Java\jdk1.8.0_161\jre\bin\zip.dll
0x00007ff99fac0000 - 0x00007ff9a0ef6000 	C:\WINDOWS\System32\SHELL32.dll
0x00007ff99e810000 - 0x00007ff99e8b6000 	C:\WINDOWS\System32\shcore.dll
0x00007ff99ddb0000 - 0x00007ff99e4f7000 	C:\WINDOWS\System32\windows.storage.dll
0x00007ff99f420000 - 0x00007ff99f471000 	C:\WINDOWS\System32\shlwapi.dll
0x00007ff99d3c0000 - 0x00007ff99d3d1000 	C:\WINDOWS\System32\kernel.appcore.dll
0x00007ff99d3e0000 - 0x00007ff99d42c000 	C:\WINDOWS\System32\powrprof.dll
0x00007ff99d380000 - 0x00007ff99d39b000 	C:\WINDOWS\System32\profapi.dll
0x0000000067b00000 - 0x0000000067c98000 	C:\Program Files\Java\jdk1.8.0_161\jre\bin\awt.dll
0x00007ff99f120000 - 0x00007ff99f1e5000 	C:\WINDOWS\System32\OLEAUT32.dll
0x00007ff99a3c0000 - 0x00007ff99a448000 	C:\WINDOWS\SYSTEM32\apphelp.dll
0x00007ff99a4f0000 - 0x00007ff99a585000 	C:\WINDOWS\system32\uxtheme.dll
0x00007ff99ef30000 - 0x00007ff99f097000 	C:\WINDOWS\System32\MSCTF.dll
0x00007ff99b110000 - 0x00007ff99b13a000 	C:\WINDOWS\system32\dwmapi.dll
0x00007ff99ec40000 - 0x00007ff99ed89000 	C:\WINDOWS\System32\ole32.dll
0x0000000067ab0000 - 0x0000000067af7000 	C:\Program Files\Java\jdk1.8.0_161\jre\bin\fontmanager.dll
0x00007ff98ade0000 - 0x00007ff98aefe000 	C:\WINDOWS\system32\opengl32.dll
0x00007ff994c70000 - 0x00007ff994c9c000 	C:\WINDOWS\SYSTEM32\GLU32.dll
0x0000000069400000 - 0x0000000069431000 	C:\Program Files\Java\jdk1.8.0_161\jre\bin\jpeg.dll
0x00007ff99ce70000 - 0x00007ff99d038000 	C:\WINDOWS\SYSTEM32\dbghelp.dll

VM Arguments:
jvm_args: -Dfile.encoding=UTF-8 
java_command: GUI_DangNhap_DangXuat_DoiMatKhau.Gui_Main
java_class_path (initial): D:\2017-2018\Ki2\LapTrinhJava\JDBC.JAR\sqljdbc4.jar;D:\2017-2018\Ki2\LapTrinhJava\JDBC.JAR\sqljdbc_6.0\enu\jre7\sqljdbc41.jar;D:\2017-2018\Ki2\LapTrinhJava\JDBC.JAR\sqljdbc_6.0\enu\jre8\sqljdbc42.jar;C:\Users\admin\Documents\NetBeansProjects\QuanLi_CuaHangXeMay\build\classes
Launcher Type: SUN_STANDARD

Environment Variables:
PATH=C:\ProgramData\Oracle\Java\javapath;C:\Windows\system32;C:\Windows;C:\Windows\System32\Wbem;C:\Windows\System32\WindowsPowerShell\v1.0\;C:\Program Files\Java\jdk1.8.0_161\bin;;C:\Program Files (x86)\NVIDIA Corporation\PhysX\Common;C:\WINDOWS\system32;C:\WINDOWS;C:\WINDOWS\System32\Wbem;C:\WINDOWS\System32\WindowsPowerShell\v1.0\;C:\Program Files\Microsoft SQL Server\Client SDK\ODBC\130\Tools\Binn\;C:\Program Files (x86)\Microsoft SQL Server\140\Tools\Binn\;C:\Program Files\Microsoft SQL Server\140\Tools\Binn\;C:\Program Files\Microsoft SQL Server\140\DTS\Binn\;C:\Program Files (x86)\Microsoft SQL Server\Client SDK\ODBC\130\Tools\Binn\;C:\Program Files (x86)\Microsoft SQL Server\140\DTS\Binn\;C:\Program Files (x86)\Microsoft SQL Server\140\Tools\Binn\ManagementStudio\;C:\Users\admin\AppData\Local\Microsoft\WindowsApps;
USERNAME=Tuan Dat
OS=Windows_NT
PROCESSOR_IDENTIFIER=Intel64 Family 6 Model 142 Stepping 10, GenuineIntel



---------------  S Y S T E M  ---------------

OS: Windows 10.0 , 64 bit Build 16299 (10.0.16299.15)

CPU:total 8 (initial active 8) (4 cores per cpu, 2 threads per core) family 6 model 142 stepping 10, cmov, cx8, fxsr, mmx, sse, sse2, sse3, ssse3, sse4.1, sse4.2, popcnt, avx, avx2, aes, clmul, erms, 3dnowpref, lzcnt, ht, tsc, tscinvbit, bmi1, bmi2, adx

Memory: 4k page, physical 4074288k(428828k free), swap 6695728k(995300k free)

vm_info: Java HotSpot(TM) 64-Bit Server VM (25.161-b12) for windows-amd64 JRE (1.8.0_161-b12), built on Dec 19 2017 17:52:25 by "java_re" with MS VC++ 10.0 (VS2010)

time: Thu May 03 21:35:18 2018
elapsed time: 0 seconds (0d 0h 0m 0s)

